# JRE version: Java(TM) SE Runtime Environment (8.0_201-b09) (build 1.8.0_201-b09)
# Java VM: Java HotSpot(TM) 64-Bit Server VM (25.201-b09 mixed mode windows-amd64 compressed oops)
Heap:
 PSYoungGen      total 103936K, used 12113K [0x000000076b500000, 0x0000000774c80000, 0x00000007c0000000)
  eden space 93184K, 12% used [0x000000076b500000,0x000000076c0d4468,0x0000000771000000)
  from space 10752K, 0% used [0x0000000771000000,0x0000000771000000,0x0000000771a80000)
  to   space 10752K, 0% used [0x0000000774200000,0x0000000774200000,0x0000000774c80000)
 ParOldGen       total 170496K, used 13561K [0x00000006c1e00000, 0x00000006cc480000, 0x000000076b500000)
  object space 170496K, 7% used [0x00000006c1e00000,0x00000006c2b3e490,0x00000006cc480000)
 Metaspace       used 36484K, capacity 38044K, committed 38232K, reserved 1081344K
  class space    used 5119K, capacity 5439K, committed 5464K, reserved 1048576K
GC Heap History (10 events):
Event: 1.945 GC heap before
{Heap before GC invocations=3 (full 1):
 PSYoungGen      total 76288K, used 10485K [0x000000076b500000, 0x0000000774a00000, 0x00000007c0000000)
  eden space 65536K, 0% used [0x000000076b500000,0x000000076b500000,0x000000076f500000)
  from space 10752K, 97% used [0x000000076ff80000,0x00000007709bd7a0,0x0000000770a00000)
  to   space 10752K, 0% used [0x000000076f500000,0x000000076f500000,0x000000076ff80000)
 ParOldGen       total 175104K, used 91K [0x00000006c1e00000, 0x00000006cc900000, 0x000000076b500000)
  object space 175104K, 0% used [0x00000006c1e00000,0x00000006c1e16d70,0x00000006cc900000)
 Metaspace       used 20430K, capacity 21108K, committed 21248K, reserved 1067008K
  class space    used 2749K, capacity 2948K, committed 3072K, reserved 1048576K
Event: 1.987 GC heap after
Heap after GC invocations=3 (full 1):
 PSYoungGen      total 76288K, used 0K [0x000000076b500000, 0x0000000774a00000, 0x00000007c0000000)
  eden space 65536K, 0% used [0x000000076b500000,0x000000076b500000,0x000000076f500000)
  from space 10752K, 0% used [0x000000076ff80000,0x000000076ff80000,0x0000000770a00000)
  to   space 10752K, 0% used [0x000000076f500000,0x000000076f500000,0x000000076ff80000)
 ParOldGen       total 109568K, used 10039K [0x00000006c1e00000, 0x00000006c8900000, 0x000000076b500000)
  object space 109568K, 9% used [0x00000006c1e00000,0x00000006c27cde78,0x00000006c8900000)
 Metaspace       used 20428K, capacity 21102K, committed 21248K, reserved 1067008K
  class space    used 2748K, capacity 2947K, committed 3072K, reserved 1048576K
}
Event: 2.544 GC heap before
{Heap before GC invocations=4 (full 1):
 PSYoungGen      total 76288K, used 65536K [0x000000076b500000, 0x0000000774a00000, 0x00000007c0000000)
  eden space 65536K, 100% used [0x000000076b500000,0x000000076f500000,0x000000076f500000)
  from space 10752K, 0% used [0x000000076ff80000,0x000000076ff80000,0x0000000770a00000)
  to   space 10752K, 0% used [0x000000076f500000,0x000000076f500000,0x000000076ff80000)
 ParOldGen       total 109568K, used 10042K [0x00000006c1e00000, 0x00000006c8900000, 0x000000076b500000)
  object space 109568K, 9% used [0x00000006c1e00000,0x00000006c27cea08,0x00000006c8900000)
 Metaspace       used 24434K, capacity 25466K, committed 25600K, reserved 1071104K
  class space    used 3337K, capacity 3555K, committed 3584K, reserved 1048576K
Event: 2.549 GC heap after
Heap after GC invocations=4 (full 1):
 PSYoungGen      total 76288K, used 6964K [0x000000076b500000, 0x0000000772600000, 0x00000007c0000000)
  eden space 65536K, 0% used [0x000000076b500000,0x000000076b500000,0x000000076f500000)
  from space 10752K, 64% used [0x000000076f500000,0x000000076fbcd128,0x000000076ff80000)
  to   space 10752K, 0% used [0x0000000771b80000,0x0000000771b80000,0x0000000772600000)
 ParOldGen       total 109568K, used 10050K [0x00000006c1e00000, 0x00000006c8900000, 0x000000076b500000)
  object space 109568K, 9% used [0x00000006c1e00000,0x00000006c27d0a08,0x00000006c8900000)
 Metaspace       used 24434K, capacity 25466K, committed 25600K, reserved 1071104K
  class space    used 3337K, capacity 3555K, committed 3584K, reserved 1048576K
}
Event: 3.224 GC heap before
{Heap before GC invocations=5 (full 1):
 PSYoungGen      total 76288K, used 72500K [0x000000076b500000, 0x0000000772600000, 0x00000007c0000000)
  eden space 65536K, 100% used [0x000000076b500000,0x000000076f500000,0x000000076f500000)
  from space 10752K, 64% used [0x000000076f500000,0x000000076fbcd128,0x000000076ff80000)
  to   space 10752K, 0% used [0x0000000771b80000,0x0000000771b80000,0x0000000772600000)
 ParOldGen       total 109568K, used 10050K [0x00000006c1e00000, 0x00000006c8900000, 0x000000076b500000)
  object space 109568K, 9% used [0x00000006c1e00000,0x00000006c27d0a08,0x00000006c8900000)
 Metaspace       used 28871K, capacity 30446K, committed 30720K, reserved 1075200K
  class space    used 3963K, capacity 4273K, committed 4352K, reserved 1048576K
Event: 3.231 GC heap after
Heap after GC invocations=5 (full 1):
 PSYoungGen      total 102400K, used 9281K [0x000000076b500000, 0x0000000772500000, 0x00000007c0000000)
  eden space 92672K, 0% used [0x000000076b500000,0x000000076b500000,0x0000000770f80000)
  from space 9728K, 95% used [0x0000000771b80000,0x00000007724906e0,0x0000000772500000)
  to   space 10752K, 0% used [0x0000000771000000,0x0000000771000000,0x0000000771a80000)
 ParOldGen       total 109568K, used 10058K [0x00000006c1e00000, 0x00000006c8900000, 0x000000076b500000)
  object space 109568K, 9% used [0x00000006c1e00000,0x00000006c27d2a08,0x00000006c8900000)
 Metaspace       used 28871K, capacity 30446K, committed 30720K, reserved 1075200K
  class space    used 3963K, capacity 4273K, committed 4352K, reserved 1048576K
}
Event: 3.640 GC heap before
{Heap before GC invocations=6 (full 1):
 PSYoungGen      total 102400K, used 63642K [0x000000076b500000, 0x0000000772500000, 0x00000007c0000000)
  eden space 92672K, 58% used [0x000000076b500000,0x000000076ea16428,0x0000000770f80000)
  from space 9728K, 95% used [0x0000000771b80000,0x00000007724906e0,0x0000000772500000)
  to   space 10752K, 0% used [0x0000000771000000,0x0000000771000000,0x0000000771a80000)
 ParOldGen       total 109568K, used 10058K [0x00000006c1e00000, 0x00000006c8900000, 0x000000076b500000)
  object space 109568K, 9% used [0x00000006c1e00000,0x00000006c27d2a08,0x00000006c8900000)
 Metaspace       used 33789K, capacity 35286K, committed 35416K, reserved 1079296K
  class space    used 4818K, capacity 5139K, committed 5208K, reserved 1048576K
Event: 3.649 GC heap after
Heap after GC invocations=6 (full 1):
 PSYoungGen      total 103936K, used 8581K [0x000000076b500000, 0x0000000774c80000, 0x00000007c0000000)
  eden space 93184K, 0% used [0x000000076b500000,0x000000076b500000,0x0000000771000000)
  from space 10752K, 79% used [0x0000000771000000,0x0000000771861768,0x0000000771a80000)
  to   space 10752K, 0% used [0x0000000774200000,0x0000000774200000,0x0000000774c80000)
 ParOldGen       total 109568K, used 10066K [0x00000006c1e00000, 0x00000006c8900000, 0x000000076b500000)
  object space 109568K, 9% used [0x00000006c1e00000,0x00000006c27d4a08,0x00000006c8900000)
 Metaspace       used 33789K, capacity 35286K, committed 35416K, reserved 1079296K
  class space    used 4818K, capacity 5139K, committed 5208K, reserved 1048576K
}
Event: 3.649 GC heap before
{Heap before GC invocations=7 (full 2):
 PSYoungGen      total 103936K, used 8581K [0x000000076b500000, 0x0000000774c80000, 0x00000007c0000000)
  eden space 93184K, 0% used [0x000000076b500000,0x000000076b500000,0x0000000771000000)
  from space 10752K, 79% used [0x0000000771000000,0x0000000771861768,0x0000000771a80000)
  to   space 10752K, 0% used [0x0000000774200000,0x0000000774200000,0x0000000774c80000)
 ParOldGen       total 109568K, used 10066K [0x00000006c1e00000, 0x00000006c8900000, 0x000000076b500000)
  object space 109568K, 9% used [0x00000006c1e00000,0x00000006c27d4a08,0x00000006c8900000)
 Metaspace       used 33789K, capacity 35286K, committed 35416K, reserved 1079296K
  class space    used 4818K, capacity 5139K, committed 5208K, reserved 1048576K
Event: 3.690 GC heap after
Heap after GC invocations=7 (full 2):
 PSYoungGen      total 103936K, used 0K [0x000000076b500000, 0x0000000774c80000, 0x00000007c0000000)
  eden space 93184K, 0% used [0x000000076b500000,0x000000076b500000,0x0000000771000000)
  from space 10752K, 0% used [0x0000000771000000,0x0000000771000000,0x0000000771a80000)
  to   space 10752K, 0% used [0x0000000774200000,0x0000000774200000,0x0000000774c80000)
 ParOldGen       total 170496K, used 13561K [0x00000006c1e00000, 0x00000006cc480000, 0x000000076b500000)
  object space 170496K, 7% used [0x00000006c1e00000,0x00000006c2b3e490,0x00000006cc480000)
 Metaspace       used 33789K, capacity 35286K, committed 35416K, reserved 1079296K
  class space    used 4818K, capacity 5139K, committed 5208K, reserved 1048576K
}

